2025-06-02 00:00:17,735 [ERROR] LogOutputStream:75 - [STDERR_REDIRECT] Jun 02, 2025 12:00:17 AM java.util.prefs.FileSystemPreferences checkLockFile0ErrorCode
2025-06-02 00:00:17,738 [ERROR] LogOutputStream:75 - [STDERR_REDIRECT] WARNING: Could not lock System prefs. Unix error code 2.
2025-06-02 00:00:17,738 [ERROR] LogOutputStream:75 - [STDERR_REDIRECT] 
2025-06-02 00:00:17,738 [ERROR] LogOutputStream:75 - [STDERR_REDIRECT] Jun 02, 2025 12:00:17 AM java.util.prefs.FileSystemPreferences syncWorld
2025-06-02 00:00:17,738 [ERROR] LogOutputStream:75 - [STDERR_REDIRECT] WARNING: Couldn't flush system prefs: java.util.prefs.BackingStoreException: Couldn't get file lock.
2025-06-02 00:00:17,739 [ERROR] LogOutputStream:75 - [STDERR_REDIRECT] 
2025-06-02 00:00:47,733 [ERROR] LogOutputStream:75 - [STDERR_REDIRECT] Jun 02, 2025 12:00:47 AM java.util.prefs.FileSystemPreferences checkLockFile0ErrorCode
2025-06-02 00:00:47,733 [ERROR] LogOutputStream:75 - [STDERR_REDIRECT] WARNING: Could not lock System prefs. Unix error code 2.
2025-06-02 00:00:47,734 [ERROR] LogOutputStream:75 - [STDERR_REDIRECT] 
2025-06-02 00:00:47,734 [ERROR] LogOutputStream:75 - [STDERR_REDIRECT] Jun 02, 2025 12:00:47 AM java.util.prefs.FileSystemPreferences syncWorld
2025-06-02 00:00:47,734 [ERROR] LogOutputStream:75 - [STDERR_REDIRECT] WARNING: Couldn't flush system prefs: java.util.prefs.BackingStoreException: Couldn't get file lock.
2025-06-02 00:00:47,734 [ERROR] LogOutputStream:75 - [STDERR_REDIRECT] 
2025-06-02 00:01:12,904 [INFO] LogOutputStream:77 - [STDOUT_REDIRECT] 
2025-06-02 00:01:17,736 [ERROR] LogOutputStream:75 - [STDERR_REDIRECT] Jun 02, 2025 12:01:17 AM java.util.prefs.FileSystemPreferences checkLockFile0ErrorCode
2025-06-02 00:01:17,736 [ERROR] LogOutputStream:75 - [STDERR_REDIRECT] WARNING: Could not lock System prefs. Unix error code 2.
2025-06-02 00:01:17,737 [ERROR] LogOutputStream:75 - [STDERR_REDIRECT] 
2025-06-02 00:01:17,737 [ERROR] LogOutputStream:75 - [STDERR_REDIRECT] Jun 02, 2025 12:01:17 AM java.util.prefs.FileSystemPreferences syncWorld
2025-06-02 00:01:17,737 [ERROR] LogOutputStream:75 - [STDERR_REDIRECT] WARNING: Couldn't flush system prefs: java.util.prefs.BackingStoreException: Couldn't get file lock.
2025-06-02 00:01:17,737 [ERROR] LogOutputStream:75 - [STDERR_REDIRECT] 
2025-06-02 00:01:47,736 [ERROR] LogOutputStream:75 - [STDERR_REDIRECT] Jun 02, 2025 12:01:47 AM java.util.prefs.FileSystemPreferences checkLockFile0ErrorCode
2025-06-02 00:01:47,736 [ERROR] LogOutputStream:75 - [STDERR_REDIRECT] WARNING: Could not lock System prefs. Unix error code 2.
2025-06-02 00:01:47,736 [ERROR] LogOutputStream:75 - [STDERR_REDIRECT] 
2025-06-02 00:01:47,736 [ERROR] LogOutputStream:75 - [STDERR_REDIRECT] Jun 02, 2025 12:01:47 AM java.util.prefs.FileSystemPreferences syncWorld
2025-06-02 00:01:47,736 [ERROR] LogOutputStream:75 - [STDERR_REDIRECT] WARNING: Couldn't flush system prefs: java.util.prefs.BackingStoreException: Couldn't get file lock.
2025-06-02 00:01:47,736 [ERROR] LogOutputStream:75 - [STDERR_REDIRECT] 
2025-06-02 00:02:17,737 [ERROR] LogOutputStream:75 - [STDERR_REDIRECT] Jun 02, 2025 12:02:17 AM java.util.prefs.FileSystemPreferences checkLockFile0ErrorCode
2025-06-02 00:02:17,737 [ERROR] LogOutputStream:75 - [STDERR_REDIRECT] WARNING: Could not lock System prefs. Unix error code 2.
2025-06-02 00:02:17,737 [ERROR] LogOutputStream:75 - [STDERR_REDIRECT] 
2025-06-02 00:02:17,738 [ERROR] LogOutputStream:75 - [STDERR_REDIRECT] Jun 02, 2025 12:02:17 AM java.util.prefs.FileSystemPreferences syncWorld
2025-06-02 00:02:17,738 [ERROR] LogOutputStream:75 - [STDERR_REDIRECT] WARNING: Couldn't flush system prefs: java.util.prefs.BackingStoreException: Couldn't get file lock.
2025-06-02 00:02:17,738 [ERROR] LogOutputStream:75 - [STDERR_REDIRECT] 
2025-06-02 00:02:47,735 [ERROR] LogOutputStream:75 - [STDERR_REDIRECT] Jun 02, 2025 12:02:47 AM java.util.prefs.FileSystemPreferences checkLockFile0ErrorCode
2025-06-02 00:02:47,735 [ERROR] LogOutputStream:75 - [STDERR_REDIRECT] WARNING: Could not lock System prefs. Unix error code 2.
2025-06-02 00:02:47,735 [ERROR] LogOutputStream:75 - [STDERR_REDIRECT] 
2025-06-02 00:02:47,735 [ERROR] LogOutputStream:75 - [STDERR_REDIRECT] Jun 02, 2025 12:02:47 AM java.util.prefs.FileSystemPreferences syncWorld
2025-06-02 00:02:47,735 [ERROR] LogOutputStream:75 - [STDERR_REDIRECT] WARNING: Couldn't flush system prefs: java.util.prefs.BackingStoreException: Couldn't get file lock.
2025-06-02 00:02:47,735 [ERROR] LogOutputStream:75 - [STDERR_REDIRECT] 
2025-06-02 00:03:17,735 [ERROR] LogOutputStream:75 - [STDERR_REDIRECT] Jun 02, 2025 12:03:17 AM java.util.prefs.FileSystemPreferences checkLockFile0ErrorCode
2025-06-02 00:03:17,736 [ERROR] LogOutputStream:75 - [STDERR_REDIRECT] WARNING: Could not lock System prefs. Unix error code 2.
2025-06-02 00:03:17,736 [ERROR] LogOutputStream:75 - [STDERR_REDIRECT] 
2025-06-02 00:03:17,736 [ERROR] LogOutputStream:75 - [STDERR_REDIRECT] Jun 02, 2025 12:03:17 AM java.util.prefs.FileSystemPreferences syncWorld
2025-06-02 00:03:17,736 [ERROR] LogOutputStream:75 - [STDERR_REDIRECT] WARNING: Couldn't flush system prefs: java.util.prefs.BackingStoreException: Couldn't get file lock.
2025-06-02 00:03:17,736 [ERROR] LogOutputStream:75 - [STDERR_REDIRECT] 
2025-06-02 00:03:47,736 [ERROR] LogOutputStream:75 - [STDERR_REDIRECT] Jun 02, 2025 12:03:47 AM java.util.prefs.FileSystemPreferences checkLockFile0ErrorCode
2025-06-02 00:03:47,736 [ERROR] LogOutputStream:75 - [STDERR_REDIRECT] WARNING: Could not lock System prefs. Unix error code 2.
2025-06-02 00:03:47,736 [ERROR] LogOutputStream:75 - [STDERR_REDIRECT] 
2025-06-02 00:03:47,737 [ERROR] LogOutputStream:75 - [STDERR_REDIRECT] Jun 02, 2025 12:03:47 AM java.util.prefs.FileSystemPreferences syncWorld
2025-06-02 00:03:47,737 [ERROR] LogOutputStream:75 - [STDERR_REDIRECT] WARNING: Couldn't flush system prefs: java.util.prefs.BackingStoreException: Couldn't get file lock.
2025-06-02 00:03:47,737 [ERROR] LogOutputStream:75 - [STDERR_REDIRECT] 
2025-06-02 00:04:17,737 [ERROR] LogOutputStream:75 - [STDERR_REDIRECT] Jun 02, 2025 12:04:17 AM java.util.prefs.FileSystemPreferences checkLockFile0ErrorCode
2025-06-02 00:04:17,737 [ERROR] LogOutputStream:75 - [STDERR_REDIRECT] WARNING: Could not lock System prefs. Unix error code 2.
2025-06-02 00:04:17,737 [ERROR] LogOutputStream:75 - [STDERR_REDIRECT] 
2025-06-02 00:04:17,738 [ERROR] LogOutputStream:75 - [STDERR_REDIRECT] Jun 02, 2025 12:04:17 AM java.util.prefs.FileSystemPreferences syncWorld
2025-06-02 00:04:17,738 [ERROR] LogOutputStream:75 - [STDERR_REDIRECT] WARNING: Couldn't flush system prefs: java.util.prefs.BackingStoreException: Couldn't get file lock.
2025-06-02 00:04:17,738 [ERROR] LogOutputStream:75 - [STDERR_REDIRECT] 
2025-06-02 00:04:47,736 [ERROR] LogOutputStream:75 - [STDERR_REDIRECT] Jun 02, 2025 12:04:47 AM java.util.prefs.FileSystemPreferences checkLockFile0ErrorCode
2025-06-02 00:04:47,736 [ERROR] LogOutputStream:75 - [STDERR_REDIRECT] WARNING: Could not lock System prefs. Unix error code 2.
2025-06-02 00:04:47,736 [ERROR] LogOutputStream:75 - [STDERR_REDIRECT] 
2025-06-02 00:04:47,736 [ERROR] LogOutputStream:75 - [STDERR_REDIRECT] Jun 02, 2025 12:04:47 AM java.util.prefs.FileSystemPreferences syncWorld
2025-06-02 00:04:47,737 [ERROR] LogOutputStream:75 - [STDERR_REDIRECT] WARNING: Couldn't flush system prefs: java.util.prefs.BackingStoreException: Couldn't get file lock.
2025-06-02 00:04:47,737 [ERROR] LogOutputStream:75 - [STDERR_REDIRECT] 
2025-06-02 00:05:17,736 [ERROR] LogOutputStream:75 - [STDERR_REDIRECT] Jun 02, 2025 12:05:17 AM java.util.prefs.FileSystemPreferences checkLockFile0ErrorCode
2025-06-02 00:05:17,736 [ERROR] LogOutputStream:75 - [STDERR_REDIRECT] WARNING: Could not lock System prefs. Unix error code 2.
2025-06-02 00:05:17,736 [ERROR] LogOutputStream:75 - [STDERR_REDIRECT] 
2025-06-02 00:05:17,736 [ERROR] LogOutputStream:75 - [STDERR_REDIRECT] Jun 02, 2025 12:05:17 AM java.util.prefs.FileSystemPreferences syncWorld
2025-06-02 00:05:17,736 [ERROR] LogOutputStream:75 - [STDERR_REDIRECT] WARNING: Couldn't flush system prefs: java.util.prefs.BackingStoreException: Couldn't get file lock.
2025-06-02 00:05:17,736 [ERROR] LogOutputStream:75 - [STDERR_REDIRECT] 
2025-06-02 00:05:47,736 [ERROR] LogOutputStream:75 - [STDERR_REDIRECT] Jun 02, 2025 12:05:47 AM java.util.prefs.FileSystemPreferences checkLockFile0ErrorCode
2025-06-02 00:05:47,736 [ERROR] LogOutputStream:75 - [STDERR_REDIRECT] WARNING: Could not lock System prefs. Unix error code 2.
2025-06-02 00:05:47,736 [ERROR] LogOutputStream:75 - [STDERR_REDIRECT] 
2025-06-02 00:05:47,736 [ERROR] LogOutputStream:75 - [STDERR_REDIRECT] Jun 02, 2025 12:05:47 AM java.util.prefs.FileSystemPreferences syncWorld
2025-06-02 00:05:47,737 [ERROR] LogOutputStream:75 - [STDERR_REDIRECT] WARNING: Couldn't flush system prefs: java.util.prefs.BackingStoreException: Couldn't get file lock.
2025-06-02 00:05:47,737 [ERROR] LogOutputStream:75 - [STDERR_REDIRECT] 
2025-06-02 00:06:17,738 [ERROR] LogOutputStream:75 - [STDERR_REDIRECT] Jun 02, 2025 12:06:17 AM java.util.prefs.FileSystemPreferences checkLockFile0ErrorCode
2025-06-02 00:06:17,738 [ERROR] LogOutputStream:75 - [STDERR_REDIRECT] WARNING: Could not lock System prefs. Unix error code 2.
2025-06-02 00:06:17,738 [ERROR] LogOutputStream:75 - [STDERR_REDIRECT] 
2025-06-02 00:06:17,739 [ERROR] LogOutputStream:75 - [STDERR_REDIRECT] Jun 02, 2025 12:06:17 AM java.util.prefs.FileSystemPreferences syncWorld
2025-06-02 00:06:17,739 [ERROR] LogOutputStream:75 - [STDERR_REDIRECT] WARNING: Couldn't flush system prefs: java.util.prefs.BackingStoreException: Couldn't get file lock.
2025-06-02 00:06:17,739 [ERROR] LogOutputStream:75 - [STDERR_REDIRECT] 
2025-06-02 00:06:47,738 [ERROR] LogOutputStream:75 - [STDERR_REDIRECT] Jun 02, 2025 12:06:47 AM java.util.prefs.FileSystemPreferences checkLockFile0ErrorCode
2025-06-02 00:06:47,738 [ERROR] LogOutputStream:75 - [STDERR_REDIRECT] WARNING: Could not lock System prefs. Unix error code 2.
2025-06-02 00:06:47,738 [ERROR] LogOutputStream:75 - [STDERR_REDIRECT] 
2025-06-02 00:06:47,739 [ERROR] LogOutputStream:75 - [STDERR_REDIRECT] Jun 02, 2025 12:06:47 AM java.util.prefs.FileSystemPreferences syncWorld
2025-06-02 00:06:47,739 [ERROR] LogOutputStream:75 - [STDERR_REDIRECT] WARNING: Couldn't flush system prefs: java.util.prefs.BackingStoreException: Couldn't get file lock.
2025-06-02 00:06:47,739 [ERROR] LogOutputStream:75 - [STDERR_REDIRECT] 
2025-06-02 00:07:17,736 [ERROR] LogOutputStream:75 - [STDERR_REDIRECT] Jun 02, 2025 12:07:17 AM java.util.prefs.FileSystemPreferences checkLockFile0ErrorCode
2025-06-02 00:07:17,736 [ERROR] LogOutputStream:75 - [STDERR_REDIRECT] WARNING: Could not lock System prefs. Unix error code 2.
2025-06-02 00:07:17,737 [ERROR] LogOutputStream:75 - [STDERR_REDIRECT] 
2025-06-02 00:07:17,737 [ERROR] LogOutputStream:75 - [STDERR_REDIRECT] Jun 02, 2025 12:07:17 AM java.util.prefs.FileSystemPreferences syncWorld
2025-06-02 00:07:17,737 [ERROR] LogOutputStream:75 - [STDERR_REDIRECT] WARNING: Couldn't flush system prefs: java.util.prefs.BackingStoreException: Couldn't get file lock.
2025-06-02 00:07:17,737 [ERROR] LogOutputStream:75 - [STDERR_REDIRECT] 
2025-06-02 00:07:47,737 [ERROR] LogOutputStream:75 - [STDERR_REDIRECT] Jun 02, 2025 12:07:47 AM java.util.prefs.FileSystemPreferences checkLockFile0ErrorCode
2025-06-02 00:07:47,737 [ERROR] LogOutputStream:75 - [STDERR_REDIRECT] WARNING: Could not lock System prefs. Unix error code 2.
2025-06-02 00:07:47,738 [ERROR] LogOutputStream:75 - [STDERR_REDIRECT] 
2025-06-02 00:07:47,738 [ERROR] LogOutputStream:75 - [STDERR_REDIRECT] Jun 02, 2025 12:07:47 AM java.util.prefs.FileSystemPreferences syncWorld
2025-06-02 00:07:47,738 [ERROR] LogOutputStream:75 - [STDERR_REDIRECT] WARNING: Couldn't flush system prefs: java.util.prefs.BackingStoreException: Couldn't get file lock.
2025-06-02 00:07:47,738 [ERROR] LogOutputStream:75 - [STDERR_REDIRECT] 
2025-06-02 00:08:17,737 [ERROR] LogOutputStream:75 - [STDERR_REDIRECT] Jun 02, 2025 12:08:17 AM java.util.prefs.FileSystemPreferences checkLockFile0ErrorCode
2025-06-02 00:08:17,737 [ERROR] LogOutputStream:75 - [STDERR_REDIRECT] WARNING: Could not lock System prefs. Unix error code 2.
2025-06-02 00:08:17,737 [ERROR] LogOutputStream:75 - [STDERR_REDIRECT] 
2025-06-02 00:08:17,737 [ERROR] LogOutputStream:75 - [STDERR_REDIRECT] Jun 02, 2025 12:08:17 AM java.util.prefs.FileSystemPreferences syncWorld
2025-06-02 00:08:17,737 [ERROR] LogOutputStream:75 - [STDERR_REDIRECT] WARNING: Couldn't flush system prefs: java.util.prefs.BackingStoreException: Couldn't get file lock.
2025-06-02 00:08:17,737 [ERROR] LogOutputStream:75 - [STDERR_REDIRECT] 
2025-06-02 00:08:47,736 [ERROR] LogOutputStream:75 - [STDERR_REDIRECT] Jun 02, 2025 12:08:47 AM java.util.prefs.FileSystemPreferences checkLockFile0ErrorCode
2025-06-02 00:08:47,736 [ERROR] LogOutputStream:75 - [STDERR_REDIRECT] WARNING: Could not lock System prefs. Unix error code 2.
2025-06-02 00:08:47,736 [ERROR] LogOutputStream:75 - [STDERR_REDIRECT] 
2025-06-02 00:08:47,737 [ERROR] LogOutputStream:75 - [STDERR_REDIRECT] Jun 02, 2025 12:08:47 AM java.util.prefs.FileSystemPreferences syncWorld
2025-06-02 00:08:47,737 [ERROR] LogOutputStream:75 - [STDERR_REDIRECT] WARNING: Couldn't flush system prefs: java.util.prefs.BackingStoreException: Couldn't get file lock.
2025-06-02 00:08:47,737 [ERROR] LogOutputStream:75 - [STDERR_REDIRECT] 
2025-06-02 00:09:17,737 [ERROR] LogOutputStream:75 - [STDERR_REDIRECT] Jun 02, 2025 12:09:17 AM java.util.prefs.FileSystemPreferences checkLockFile0ErrorCode
2025-06-02 00:09:17,737 [ERROR] LogOutputStream:75 - [STDERR_REDIRECT] WARNING: Could not lock System prefs. Unix error code 2.
2025-06-02 00:09:17,737 [ERROR] LogOutputStream:75 - [STDERR_REDIRECT] 
2025-06-02 00:09:17,737 [ERROR] LogOutputStream:75 - [STDERR_REDIRECT] Jun 02, 2025 12:09:17 AM java.util.prefs.FileSystemPreferences syncWorld
2025-06-02 00:09:17,737 [ERROR] LogOutputStream:75 - [STDERR_REDIRECT] WARNING: Couldn't flush system prefs: java.util.prefs.BackingStoreException: Couldn't get file lock.
2025-06-02 00:09:17,737 [ERROR] LogOutputStream:75 - [STDERR_REDIRECT] 
2025-06-02 00:09:47,737 [ERROR] LogOutputStream:75 - [STDERR_REDIRECT] Jun 02, 2025 12:09:47 AM java.util.prefs.FileSystemPreferences checkLockFile0ErrorCode
2025-06-02 00:09:47,737 [ERROR] LogOutputStream:75 - [STDERR_REDIRECT] WARNING: Could not lock System prefs. Unix error code 2.
2025-06-02 00:09:47,737 [ERROR] LogOutputStream:75 - [STDERR_REDIRECT] 
2025-06-02 00:09:47,737 [ERROR] LogOutputStream:75 - [STDERR_REDIRECT] Jun 02, 2025 12:09:47 AM java.util.prefs.FileSystemPreferences syncWorld
2025-06-02 00:09:47,737 [ERROR] LogOutputStream:75 - [STDERR_REDIRECT] WARNING: Couldn't flush system prefs: java.util.prefs.BackingStoreException: Couldn't get file lock.
2025-06-02 00:09:47,738 [ERROR] LogOutputStream:75 - [STDERR_REDIRECT] 
2025-06-02 00:10:17,738 [ERROR] LogOutputStream:75 - [STDERR_REDIRECT] Jun 02, 2025 12:10:17 AM java.util.prefs.FileSystemPreferences checkLockFile0ErrorCode
2025-06-02 00:10:17,738 [ERROR] LogOutputStream:75 - [STDERR_REDIRECT] WARNING: Could not lock System prefs. Unix error code 2.
2025-06-02 00:10:17,738 [ERROR] LogOutputStream:75 - [STDERR_REDIRECT] 
2025-06-02 00:10:17,738 [ERROR] LogOutputStream:75 - [STDERR_REDIRECT] Jun 02, 2025 12:10:17 AM java.util.prefs.FileSystemPreferences syncWorld
2025-06-02 00:10:17,738 [ERROR] LogOutputStream:75 - [STDERR_REDIRECT] WARNING: Couldn't flush system prefs: java.util.prefs.BackingStoreException: Couldn't get file lock.
2025-06-02 00:10:17,738 [ERROR] LogOutputStream:75 - [STDERR_REDIRECT] 
2025-06-02 00:10:47,736 [ERROR] LogOutputStream:75 - [STDERR_REDIRECT] Jun 02, 2025 12:10:47 AM java.util.prefs.FileSystemPreferences checkLockFile0ErrorCode
2025-06-02 00:10:47,736 [ERROR] LogOutputStream:75 - [STDERR_REDIRECT] WARNING: Could not lock System prefs. Unix error code 2.
2025-06-02 00:10:47,736 [ERROR] LogOutputStream:75 - [STDERR_REDIRECT] 
2025-06-02 00:10:47,736 [ERROR] LogOutputStream:75 - [STDERR_REDIRECT] Jun 02, 2025 12:10:47 AM java.util.prefs.FileSystemPreferences syncWorld
2025-06-02 00:10:47,736 [ERROR] LogOutputStream:75 - [STDERR_REDIRECT] WARNING: Couldn't flush system prefs: java.util.prefs.BackingStoreException: Couldn't get file lock.
2025-06-02 00:10:47,737 [ERROR] LogOutputStream:75 - [STDERR_REDIRECT] 
2025-06-02 00:11:17,738 [ERROR] LogOutputStream:75 - [STDERR_REDIRECT] Jun 02, 2025 12:11:17 AM java.util.prefs.FileSystemPreferences checkLockFile0ErrorCode
2025-06-02 00:11:17,738 [ERROR] LogOutputStream:75 - [STDERR_REDIRECT] WARNING: Could not lock System prefs. Unix error code 2.
2025-06-02 00:11:17,738 [ERROR] LogOutputStream:75 - [STDERR_REDIRECT] 
2025-06-02 00:11:17,739 [ERROR] LogOutputStream:75 - [STDERR_REDIRECT] Jun 02, 2025 12:11:17 AM java.util.prefs.FileSystemPreferences syncWorld
2025-06-02 00:11:17,739 [ERROR] LogOutputStream:75 - [STDERR_REDIRECT] WARNING: Couldn't flush system prefs: java.util.prefs.BackingStoreException: Couldn't get file lock.
2025-06-02 00:11:17,739 [ERROR] LogOutputStream:75 - [STDERR_REDIRECT] 
2025-06-02 00:11:47,738 [ERROR] LogOutputStream:75 - [STDERR_REDIRECT] Jun 02, 2025 12:11:47 AM java.util.prefs.FileSystemPreferences checkLockFile0ErrorCode
2025-06-02 00:11:47,738 [ERROR] LogOutputStream:75 - [STDERR_REDIRECT] WARNING: Could not lock System prefs. Unix error code 2.
2025-06-02 00:11:47,738 [ERROR] LogOutputStream:75 - [STDERR_REDIRECT] 
2025-06-02 00:11:47,739 [ERROR] LogOutputStream:75 - [STDERR_REDIRECT] Jun 02, 2025 12:11:47 AM java.util.prefs.FileSystemPreferences syncWorld
2025-06-02 00:11:47,739 [ERROR] LogOutputStream:75 - [STDERR_REDIRECT] WARNING: Couldn't flush system prefs: java.util.prefs.BackingStoreException: Couldn't get file lock.
2025-06-02 00:11:47,739 [ERROR] LogOutputStream:75 - [STDERR_REDIRECT] 
2025-06-02 00:12:17,738 [ERROR] LogOutputStream:75 - [STDERR_REDIRECT] Jun 02, 2025 12:12:17 AM java.util.prefs.FileSystemPreferences checkLockFile0ErrorCode
2025-06-02 00:12:17,738 [ERROR] LogOutputStream:75 - [STDERR_REDIRECT] WARNING: Could not lock System prefs. Unix error code 2.
2025-06-02 00:12:17,738 [ERROR] LogOutputStream:75 - [STDERR_REDIRECT] 
2025-06-02 00:12:17,738 [ERROR] LogOutputStream:75 - [STDERR_REDIRECT] Jun 02, 2025 12:12:17 AM java.util.prefs.FileSystemPreferences syncWorld
2025-06-02 00:12:17,738 [ERROR] LogOutputStream:75 - [STDERR_REDIRECT] WARNING: Couldn't flush system prefs: java.util.prefs.BackingStoreException: Couldn't get file lock.
2025-06-02 00:12:17,739 [ERROR] LogOutputStream:75 - [STDERR_REDIRECT] 
2025-06-02 00:12:47,737 [ERROR] LogOutputStream:75 - [STDERR_REDIRECT] Jun 02, 2025 12:12:47 AM java.util.prefs.FileSystemPreferences checkLockFile0ErrorCode
2025-06-02 00:12:47,738 [ERROR] LogOutputStream:75 - [STDERR_REDIRECT] WARNING: Could not lock System prefs. Unix error code 2.
2025-06-02 00:12:47,738 [ERROR] LogOutputStream:75 - [STDERR_REDIRECT] 
2025-06-02 00:12:47,738 [ERROR] LogOutputStream:75 - [STDERR_REDIRECT] Jun 02, 2025 12:12:47 AM java.util.prefs.FileSystemPreferences syncWorld
2025-06-02 00:12:47,738 [ERROR] LogOutputStream:75 - [STDERR_REDIRECT] WARNING: Couldn't flush system prefs: java.util.prefs.BackingStoreException: Couldn't get file lock.
2025-06-02 00:12:47,738 [ERROR] LogOutputStream:75 - [STDERR_REDIRECT] 
2025-06-02 00:13:17,738 [ERROR] LogOutputStream:75 - [STDERR_REDIRECT] Jun 02, 2025 12:13:17 AM java.util.prefs.FileSystemPreferences checkLockFile0ErrorCode
2025-06-02 00:13:17,739 [ERROR] LogOutputStream:75 - [STDERR_REDIRECT] WARNING: Could not lock System prefs. Unix error code 2.
2025-06-02 00:13:17,739 [ERROR] LogOutputStream:75 - [STDERR_REDIRECT] 
2025-06-02 00:13:17,739 [ERROR] LogOutputStream:75 - [STDERR_REDIRECT] Jun 02, 2025 12:13:17 AM java.util.prefs.FileSystemPreferences syncWorld
2025-06-02 00:13:17,739 [ERROR] LogOutputStream:75 - [STDERR_REDIRECT] WARNING: Couldn't flush system prefs: java.util.prefs.BackingStoreException: Couldn't get file lock.
2025-06-02 00:13:17,739 [ERROR] LogOutputStream:75 - [STDERR_REDIRECT] 
2025-06-02 00:13:47,740 [ERROR] LogOutputStream:75 - [STDERR_REDIRECT] Jun 02, 2025 12:13:47 AM java.util.prefs.FileSystemPreferences checkLockFile0ErrorCode
2025-06-02 00:13:47,740 [ERROR] LogOutputStream:75 - [STDERR_REDIRECT] WARNING: Could not lock System prefs. Unix error code 2.
2025-06-02 00:13:47,740 [ERROR] LogOutputStream:75 - [STDERR_REDIRECT] 
2025-06-02 00:13:47,740 [ERROR] LogOutputStream:75 - [STDERR_REDIRECT] Jun 02, 2025 12:13:47 AM java.util.prefs.FileSystemPreferences syncWorld
2025-06-02 00:13:47,740 [ERROR] LogOutputStream:75 - [STDERR_REDIRECT] WARNING: Couldn't flush system prefs: java.util.prefs.BackingStoreException: Couldn't get file lock.
2025-06-02 00:13:47,740 [ERROR] LogOutputStream:75 - [STDERR_REDIRECT] 
2025-06-02 00:14:17,740 [ERROR] LogOutputStream:75 - [STDERR_REDIRECT] Jun 02, 2025 12:14:17 AM java.util.prefs.FileSystemPreferences checkLockFile0ErrorCode
2025-06-02 00:14:17,740 [ERROR] LogOutputStream:75 - [STDERR_REDIRECT] WARNING: Could not lock System prefs. Unix error code 2.
2025-06-02 00:14:17,740 [ERROR] LogOutputStream:75 - [STDERR_REDIRECT] 
2025-06-02 00:14:17,740 [ERROR] LogOutputStream:75 - [STDERR_REDIRECT] Jun 02, 2025 12:14:17 AM java.util.prefs.FileSystemPreferences syncWorld
2025-06-02 00:14:17,740 [ERROR] LogOutputStream:75 - [STDERR_REDIRECT] WARNING: Couldn't flush system prefs: java.util.prefs.BackingStoreException: Couldn't get file lock.
2025-06-02 00:14:17,741 [ERROR] LogOutputStream:75 - [STDERR_REDIRECT] 
2025-06-02 00:14:47,739 [ERROR] LogOutputStream:75 - [STDERR_REDIRECT] Jun 02, 2025 12:14:47 AM java.util.prefs.FileSystemPreferences checkLockFile0ErrorCode
2025-06-02 00:14:47,739 [ERROR] LogOutputStream:75 - [STDERR_REDIRECT] WARNING: Could not lock System prefs. Unix error code 2.
2025-06-02 00:14:47,739 [ERROR] LogOutputStream:75 - [STDERR_REDIRECT] 
2025-06-02 00:14:47,740 [ERROR] LogOutputStream:75 - [STDERR_REDIRECT] Jun 02, 2025 12:14:47 AM java.util.prefs.FileSystemPreferences syncWorld
2025-06-02 00:14:47,740 [ERROR] LogOutputStream:75 - [STDERR_REDIRECT] WARNING: Couldn't flush system prefs: java.util.prefs.BackingStoreException: Couldn't get file lock.
2025-06-02 00:14:47,740 [ERROR] LogOutputStream:75 - [STDERR_REDIRECT] 
2025-06-02 00:15:17,740 [ERROR] LogOutputStream:75 - [STDERR_REDIRECT] Jun 02, 2025 12:15:17 AM java.util.prefs.FileSystemPreferences checkLockFile0ErrorCode
2025-06-02 00:15:17,740 [ERROR] LogOutputStream:75 - [STDERR_REDIRECT] WARNING: Could not lock System prefs. Unix error code 2.
2025-06-02 00:15:17,740 [ERROR] LogOutputStream:75 - [STDERR_REDIRECT] 
2025-06-02 00:15:17,740 [ERROR] LogOutputStream:75 - [STDERR_REDIRECT] Jun 02, 2025 12:15:17 AM java.util.prefs.FileSystemPreferences syncWorld
2025-06-02 00:15:17,740 [ERROR] LogOutputStream:75 - [STDERR_REDIRECT] WARNING: Couldn't flush system prefs: java.util.prefs.BackingStoreException: Couldn't get file lock.
2025-06-02 00:15:17,740 [ERROR] LogOutputStream:75 - [STDERR_REDIRECT] 
2025-06-02 00:15:47,742 [ERROR] LogOutputStream:75 - [STDERR_REDIRECT] Jun 02, 2025 12:15:47 AM java.util.prefs.FileSystemPreferences checkLockFile0ErrorCode
2025-06-02 00:15:47,742 [ERROR] LogOutputStream:75 - [STDERR_REDIRECT] WARNING: Could not lock System prefs. Unix error code 2.
2025-06-02 00:15:47,742 [ERROR] LogOutputStream:75 - [STDERR_REDIRECT] 
2025-06-02 00:15:47,742 [ERROR] LogOutputStream:75 - [STDERR_REDIRECT] Jun 02, 2025 12:15:47 AM java.util.prefs.FileSystemPreferences syncWorld
2025-06-02 00:15:47,742 [ERROR] LogOutputStream:75 - [STDERR_REDIRECT] WARNING: Couldn't flush system prefs: java.util.prefs.BackingStoreException: Couldn't get file lock.
2025-06-02 00:15:47,742 [ERROR] LogOutputStream:75 - [STDERR_REDIRECT] 
2025-06-02 00:16:17,742 [ERROR] LogOutputStream:75 - [STDERR_REDIRECT] Jun 02, 2025 12:16:17 AM java.util.prefs.FileSystemPreferences checkLockFile0ErrorCode
2025-06-02 00:16:17,742 [ERROR] LogOutputStream:75 - [STDERR_REDIRECT] WARNING: Could not lock System prefs. Unix error code 2.
2025-06-02 00:16:17,742 [ERROR] LogOutputStream:75 - [STDERR_REDIRECT] 
2025-06-02 00:16:17,743 [ERROR] LogOutputStream:75 - [STDERR_REDIRECT] Jun 02, 2025 12:16:17 AM java.util.prefs.FileSystemPreferences syncWorld
2025-06-02 00:16:17,743 [ERROR] LogOutputStream:75 - [STDERR_REDIRECT] WARNING: Couldn't flush system prefs: java.util.prefs.BackingStoreException: Couldn't get file lock.
2025-06-02 00:16:17,743 [ERROR] LogOutputStream:75 - [STDERR_REDIRECT] 
2025-06-02 00:16:47,742 [ERROR] LogOutputStream:75 - [STDERR_REDIRECT] Jun 02, 2025 12:16:47 AM java.util.prefs.FileSystemPreferences checkLockFile0ErrorCode
2025-06-02 00:16:47,743 [ERROR] LogOutputStream:75 - [STDERR_REDIRECT] WARNING: Could not lock System prefs. Unix error code 2.
2025-06-02 00:16:47,744 [ERROR] LogOutputStream:75 - [STDERR_REDIRECT] 
2025-06-02 00:16:47,745 [ERROR] LogOutputStream:75 - [STDERR_REDIRECT] Jun 02, 2025 12:16:47 AM java.util.prefs.FileSystemPreferences syncWorld
2025-06-02 00:16:47,745 [ERROR] LogOutputStream:75 - [STDERR_REDIRECT] WARNING: Couldn't flush system prefs: java.util.prefs.BackingStoreException: Couldn't get file lock.
2025-06-02 00:16:47,745 [ERROR] LogOutputStream:75 - [STDERR_REDIRECT] 
2025-06-02 00:17:17,742 [ERROR] LogOutputStream:75 - [STDERR_REDIRECT] Jun 02, 2025 12:17:17 AM java.util.prefs.FileSystemPreferences checkLockFile0ErrorCode
2025-06-02 00:17:17,742 [ERROR] LogOutputStream:75 - [STDERR_REDIRECT] WARNING: Could not lock System prefs. Unix error code 2.
2025-06-02 00:17:17,742 [ERROR] LogOutputStream:75 - [STDERR_REDIRECT] 
2025-06-02 00:17:17,743 [ERROR] LogOutputStream:75 - [STDERR_REDIRECT] Jun 02, 2025 12:17:17 AM java.util.prefs.FileSystemPreferences syncWorld
2025-06-02 00:17:17,743 [ERROR] LogOutputStream:75 - [STDERR_REDIRECT] WARNING: Couldn't flush system prefs: java.util.prefs.BackingStoreException: Couldn't get file lock.
2025-06-02 00:17:17,743 [ERROR] LogOutputStream:75 - [STDERR_REDIRECT] 
2025-06-02 00:17:47,743 [ERROR] LogOutputStream:75 - [STDERR_REDIRECT] Jun 02, 2025 12:17:47 AM java.util.prefs.FileSystemPreferences checkLockFile0ErrorCode
2025-06-02 00:17:47,743 [ERROR] LogOutputStream:75 - [STDERR_REDIRECT] WARNING: Could not lock System prefs. Unix error code 2.
2025-06-02 00:17:47,743 [ERROR] LogOutputStream:75 - [STDERR_REDIRECT] 
2025-06-02 00:17:47,743 [ERROR] LogOutputStream:75 - [STDERR_REDIRECT] Jun 02, 2025 12:17:47 AM java.util.prefs.FileSystemPreferences syncWorld
2025-06-02 00:17:47,744 [ERROR] LogOutputStream:75 - [STDERR_REDIRECT] WARNING: Couldn't flush system prefs: java.util.prefs.BackingStoreException: Couldn't get file lock.
2025-06-02 00:17:47,744 [ERROR] LogOutputStream:75 - [STDERR_REDIRECT] 
2025-06-02 00:18:17,742 [ERROR] LogOutputStream:75 - [STDERR_REDIRECT] Jun 02, 2025 12:18:17 AM java.util.prefs.FileSystemPreferences checkLockFile0ErrorCode
2025-06-02 00:18:17,742 [ERROR] LogOutputStream:75 - [STDERR_REDIRECT] WARNING: Could not lock System prefs. Unix error code 2.
2025-06-02 00:18:17,742 [ERROR] LogOutputStream:75 - [STDERR_REDIRECT] 
2025-06-02 00:18:17,742 [ERROR] LogOutputStream:75 - [STDERR_REDIRECT] Jun 02, 2025 12:18:17 AM java.util.prefs.FileSystemPreferences syncWorld
2025-06-02 00:18:17,742 [ERROR] LogOutputStream:75 - [STDERR_REDIRECT] WARNING: Couldn't flush system prefs: java.util.prefs.BackingStoreException: Couldn't get file lock.
2025-06-02 00:18:17,742 [ERROR] LogOutputStream:75 - [STDERR_REDIRECT] 
2025-06-02 00:18:47,742 [ERROR] LogOutputStream:75 - [STDERR_REDIRECT] Jun 02, 2025 12:18:47 AM java.util.prefs.FileSystemPreferences checkLockFile0ErrorCode
2025-06-02 00:18:47,742 [ERROR] LogOutputStream:75 - [STDERR_REDIRECT] WARNING: Could not lock System prefs. Unix error code 2.
2025-06-02 00:18:47,742 [ERROR] LogOutputStream:75 - [STDERR_REDIRECT] 
2025-06-02 00:18:47,742 [ERROR] LogOutputStream:75 - [STDERR_REDIRECT] Jun 02, 2025 12:18:47 AM java.util.prefs.FileSystemPreferences syncWorld
2025-06-02 00:18:47,742 [ERROR] LogOutputStream:75 - [STDERR_REDIRECT] WARNING: Couldn't flush system prefs: java.util.prefs.BackingStoreException: Couldn't get file lock.
2025-06-02 00:18:47,742 [ERROR] LogOutputStream:75 - [STDERR_REDIRECT] 
2025-06-02 00:19:17,743 [ERROR] LogOutputStream:75 - [STDERR_REDIRECT] Jun 02, 2025 12:19:17 AM java.util.prefs.FileSystemPreferences checkLockFile0ErrorCode
2025-06-02 00:19:17,743 [ERROR] LogOutputStream:75 - [STDERR_REDIRECT] WARNING: Could not lock System prefs. Unix error code 2.
2025-06-02 00:19:17,743 [ERROR] LogOutputStream:75 - [STDERR_REDIRECT] 
2025-06-02 00:19:17,743 [ERROR] LogOutputStream:75 - [STDERR_REDIRECT] Jun 02, 2025 12:19:17 AM java.util.prefs.FileSystemPreferences syncWorld
2025-06-02 00:19:17,743 [ERROR] LogOutputStream:75 - [STDERR_REDIRECT] WARNING: Couldn't flush system prefs: java.util.prefs.BackingStoreException: Couldn't get file lock.
2025-06-02 00:19:17,743 [ERROR] LogOutputStream:75 - [STDERR_REDIRECT] 
2025-06-02 00:19:47,744 [ERROR] LogOutputStream:75 - [STDERR_REDIRECT] Jun 02, 2025 12:19:47 AM java.util.prefs.FileSystemPreferences checkLockFile0ErrorCode
2025-06-02 00:19:47,745 [ERROR] LogOutputStream:75 - [STDERR_REDIRECT] WARNING: Could not lock System prefs. Unix error code 2.
2025-06-02 00:19:47,745 [ERROR] LogOutputStream:75 - [STDERR_REDIRECT] 
2025-06-02 00:19:47,745 [ERROR] LogOutputStream:75 - [STDERR_REDIRECT] Jun 02, 2025 12:19:47 AM java.util.prefs.FileSystemPreferences syncWorld
2025-06-02 00:19:47,745 [ERROR] LogOutputStream:75 - [STDERR_REDIRECT] WARNING: Couldn't flush system prefs: java.util.prefs.BackingStoreException: Couldn't get file lock.
2025-06-02 00:19:47,745 [ERROR] LogOutputStream:75 - [STDERR_REDIRECT] 
2025-06-02 00:20:17,745 [ERROR] LogOutputStream:75 - [STDERR_REDIRECT] Jun 02, 2025 12:20:17 AM java.util.prefs.FileSystemPreferences checkLockFile0ErrorCode
2025-06-02 00:20:17,745 [ERROR] LogOutputStream:75 - [STDERR_REDIRECT] WARNING: Could not lock System prefs. Unix error code 2.
2025-06-02 00:20:17,745 [ERROR] LogOutputStream:75 - [STDERR_REDIRECT] 
2025-06-02 00:20:17,746 [ERROR] LogOutputStream:75 - [STDERR_REDIRECT] Jun 02, 2025 12:20:17 AM java.util.prefs.FileSystemPreferences syncWorld
2025-06-02 00:20:17,746 [ERROR] LogOutputStream:75 - [STDERR_REDIRECT] WARNING: Couldn't flush system prefs: java.util.prefs.BackingStoreException: Couldn't get file lock.
2025-06-02 00:20:17,746 [ERROR] LogOutputStream:75 - [STDERR_REDIRECT] 
2025-06-02 00:20:47,746 [ERROR] LogOutputStream:75 - [STDERR_REDIRECT] Jun 02, 2025 12:20:47 AM java.util.prefs.FileSystemPreferences checkLockFile0ErrorCode
2025-06-02 00:20:47,746 [ERROR] LogOutputStream:75 - [STDERR_REDIRECT] WARNING: Could not lock System prefs. Unix error code 2.
2025-06-02 00:20:47,746 [ERROR] LogOutputStream:75 - [STDERR_REDIRECT] 
2025-06-02 00:20:47,747 [ERROR] LogOutputStream:75 - [STDERR_REDIRECT] Jun 02, 2025 12:20:47 AM java.util.prefs.FileSystemPreferences syncWorld
2025-06-02 00:20:47,747 [ERROR] LogOutputStream:75 - [STDERR_REDIRECT] WARNING: Couldn't flush system prefs: java.util.prefs.BackingStoreException: Couldn't get file lock.
2025-06-02 00:20:47,747 [ERROR] LogOutputStream:75 - [STDERR_REDIRECT] 
2025-06-02 00:21:17,746 [ERROR] LogOutputStream:75 - [STDERR_REDIRECT] Jun 02, 2025 12:21:17 AM java.util.prefs.FileSystemPreferences checkLockFile0ErrorCode
2025-06-02 00:21:17,746 [ERROR] LogOutputStream:75 - [STDERR_REDIRECT] WARNING: Could not lock System prefs. Unix error code 2.
2025-06-02 00:21:17,746 [ERROR] LogOutputStream:75 - [STDERR_REDIRECT] 
2025-06-02 00:21:17,746 [ERROR] LogOutputStream:75 - [STDERR_REDIRECT] Jun 02, 2025 12:21:17 AM java.util.prefs.FileSystemPreferences syncWorld
2025-06-02 00:21:17,747 [ERROR] LogOutputStream:75 - [STDERR_REDIRECT] WARNING: Couldn't flush system prefs: java.util.prefs.BackingStoreException: Couldn't get file lock.
2025-06-02 00:21:17,747 [ERROR] LogOutputStream:75 - [STDERR_REDIRECT] 
2025-06-02 00:21:47,748 [ERROR] LogOutputStream:75 - [STDERR_REDIRECT] Jun 02, 2025 12:21:47 AM java.util.prefs.FileSystemPreferences checkLockFile0ErrorCode
2025-06-02 00:21:47,748 [ERROR] LogOutputStream:75 - [STDERR_REDIRECT] WARNING: Could not lock System prefs. Unix error code 2.
2025-06-02 00:21:47,748 [ERROR] LogOutputStream:75 - [STDERR_REDIRECT] 
2025-06-02 00:21:47,749 [ERROR] LogOutputStream:75 - [STDERR_REDIRECT] Jun 02, 2025 12:21:47 AM java.util.prefs.FileSystemPreferences syncWorld
2025-06-02 00:21:47,749 [ERROR] LogOutputStream:75 - [STDERR_REDIRECT] WARNING: Couldn't flush system prefs: java.util.prefs.BackingStoreException: Couldn't get file lock.
2025-06-02 00:21:47,749 [ERROR] LogOutputStream:75 - [STDERR_REDIRECT] 
2025-06-02 00:22:17,747 [ERROR] LogOutputStream:75 - [STDERR_REDIRECT] Jun 02, 2025 12:22:17 AM java.util.prefs.FileSystemPreferences checkLockFile0ErrorCode
2025-06-02 00:22:17,747 [ERROR] LogOutputStream:75 - [STDERR_REDIRECT] WARNING: Could not lock System prefs. Unix error code 2.
2025-06-02 00:22:17,747 [ERROR] LogOutputStream:75 - [STDERR_REDIRECT] 
2025-06-02 00:22:17,748 [ERROR] LogOutputStream:75 - [STDERR_REDIRECT] Jun 02, 2025 12:22:17 AM java.util.prefs.FileSystemPreferences syncWorld
2025-06-02 00:22:17,748 [ERROR] LogOutputStream:75 - [STDERR_REDIRECT] WARNING: Couldn't flush system prefs: java.util.prefs.BackingStoreException: Couldn't get file lock.
2025-06-02 00:22:17,748 [ERROR] LogOutputStream:75 - [STDERR_REDIRECT] 
2025-06-02 00:22:47,749 [ERROR] LogOutputStream:75 - [STDERR_REDIRECT] Jun 02, 2025 12:22:47 AM java.util.prefs.FileSystemPreferences checkLockFile0ErrorCode
2025-06-02 00:22:47,749 [ERROR] LogOutputStream:75 - [STDERR_REDIRECT] WARNING: Could not lock System prefs. Unix error code 2.
2025-06-02 00:22:47,749 [ERROR] LogOutputStream:75 - [STDERR_REDIRECT] 
2025-06-02 00:22:47,750 [ERROR] LogOutputStream:75 - [STDERR_REDIRECT] Jun 02, 2025 12:22:47 AM java.util.prefs.FileSystemPreferences syncWorld
2025-06-02 00:22:47,750 [ERROR] LogOutputStream:75 - [STDERR_REDIRECT] WARNING: Couldn't flush system prefs: java.util.prefs.BackingStoreException: Couldn't get file lock.
2025-06-02 00:22:47,750 [ERROR] LogOutputStream:75 - [STDERR_REDIRECT] 
2025-06-02 00:23:17,746 [ERROR] LogOutputStream:75 - [STDERR_REDIRECT] Jun 02, 2025 12:23:17 AM java.util.prefs.FileSystemPreferences checkLockFile0ErrorCode
2025-06-02 00:23:17,747 [ERROR] LogOutputStream:75 - [STDERR_REDIRECT] WARNING: Could not lock System prefs. Unix error code 2.
2025-06-02 00:23:17,747 [ERROR] LogOutputStream:75 - [STDERR_REDIRECT] 
2025-06-02 00:23:17,747 [ERROR] LogOutputStream:75 - [STDERR_REDIRECT] Jun 02, 2025 12:23:17 AM java.util.prefs.FileSystemPreferences syncWorld
2025-06-02 00:23:17,747 [ERROR] LogOutputStream:75 - [STDERR_REDIRECT] WARNING: Couldn't flush system prefs: java.util.prefs.BackingStoreException: Couldn't get file lock.
2025-06-02 00:23:17,748 [ERROR] LogOutputStream:75 - [STDERR_REDIRECT] 
2025-06-02 00:23:47,747 [ERROR] LogOutputStream:75 - [STDERR_REDIRECT] Jun 02, 2025 12:23:47 AM java.util.prefs.FileSystemPreferences checkLockFile0ErrorCode
2025-06-02 00:23:47,748 [ERROR] LogOutputStream:75 - [STDERR_REDIRECT] WARNING: Could not lock System prefs. Unix error code 2.
2025-06-02 00:23:47,748 [ERROR] LogOutputStream:75 - [STDERR_REDIRECT] 
2025-06-02 00:23:47,748 [ERROR] LogOutputStream:75 - [STDERR_REDIRECT] Jun 02, 2025 12:23:47 AM java.util.prefs.FileSystemPreferences syncWorld
2025-06-02 00:23:47,749 [ERROR] LogOutputStream:75 - [STDERR_REDIRECT] WARNING: Couldn't flush system prefs: java.util.prefs.BackingStoreException: Couldn't get file lock.
2025-06-02 00:23:47,749 [ERROR] LogOutputStream:75 - [STDERR_REDIRECT] 
2025-06-02 00:24:17,748 [ERROR] LogOutputStream:75 - [STDERR_REDIRECT] Jun 02, 2025 12:24:17 AM java.util.prefs.FileSystemPreferences checkLockFile0ErrorCode
2025-06-02 00:24:17,749 [ERROR] LogOutputStream:75 - [STDERR_REDIRECT] WARNING: Could not lock System prefs. Unix error code 2.
2025-06-02 00:24:17,749 [ERROR] LogOutputStream:75 - [STDERR_REDIRECT] 
2025-06-02 00:24:17,749 [ERROR] LogOutputStream:75 - [STDERR_REDIRECT] Jun 02, 2025 12:24:17 AM java.util.prefs.FileSystemPreferences syncWorld
2025-06-02 00:24:17,750 [ERROR] LogOutputStream:75 - [STDERR_REDIRECT] WARNING: Couldn't flush system prefs: java.util.prefs.BackingStoreException: Couldn't get file lock.
2025-06-02 00:24:17,750 [ERROR] LogOutputStream:75 - [STDERR_REDIRECT] 
2025-06-02 00:24:47,748 [ERROR] LogOutputStream:75 - [STDERR_REDIRECT] Jun 02, 2025 12:24:47 AM java.util.prefs.FileSystemPreferences checkLockFile0ErrorCode
2025-06-02 00:24:47,748 [ERROR] LogOutputStream:75 - [STDERR_REDIRECT] WARNING: Could not lock System prefs. Unix error code 2.
2025-06-02 00:24:47,748 [ERROR] LogOutputStream:75 - [STDERR_REDIRECT] 
2025-06-02 00:24:47,749 [ERROR] LogOutputStream:75 - [STDERR_REDIRECT] Jun 02, 2025 12:24:47 AM java.util.prefs.FileSystemPreferences syncWorld
2025-06-02 00:24:47,749 [ERROR] LogOutputStream:75 - [STDERR_REDIRECT] WARNING: Couldn't flush system prefs: java.util.prefs.BackingStoreException: Couldn't get file lock.
2025-06-02 00:24:47,749 [ERROR] LogOutputStream:75 - [STDERR_REDIRECT] 
2025-06-02 00:25:17,748 [ERROR] LogOutputStream:75 - [STDERR_REDIRECT] Jun 02, 2025 12:25:17 AM java.util.prefs.FileSystemPreferences checkLockFile0ErrorCode
2025-06-02 00:25:17,748 [ERROR] LogOutputStream:75 - [STDERR_REDIRECT] WARNING: Could not lock System prefs. Unix error code 2.
2025-06-02 00:25:17,748 [ERROR] LogOutputStream:75 - [STDERR_REDIRECT] 
2025-06-02 00:25:17,748 [ERROR] LogOutputStream:75 - [STDERR_REDIRECT] Jun 02, 2025 12:25:17 AM java.util.prefs.FileSystemPreferences syncWorld
2025-06-02 00:25:17,749 [ERROR] LogOutputStream:75 - [STDERR_REDIRECT] WARNING: Couldn't flush system prefs: java.util.prefs.BackingStoreException: Couldn't get file lock.
2025-06-02 00:25:17,749 [ERROR] LogOutputStream:75 - [STDERR_REDIRECT] 
2025-06-02 00:25:47,747 [ERROR] LogOutputStream:75 - [STDERR_REDIRECT] Jun 02, 2025 12:25:47 AM java.util.prefs.FileSystemPreferences checkLockFile0ErrorCode
2025-06-02 00:25:47,748 [ERROR] LogOutputStream:75 - [STDERR_REDIRECT] WARNING: Could not lock System prefs. Unix error code 2.
2025-06-02 00:25:47,748 [ERROR] LogOutputStream:75 - [STDERR_REDIRECT] 
2025-06-02 00:25:47,748 [ERROR] LogOutputStream:75 - [STDERR_REDIRECT] Jun 02, 2025 12:25:47 AM java.util.prefs.FileSystemPreferences syncWorld
2025-06-02 00:25:47,748 [ERROR] LogOutputStream:75 - [STDERR_REDIRECT] WARNING: Couldn't flush system prefs: java.util.prefs.BackingStoreException: Couldn't get file lock.
2025-06-02 00:25:47,748 [ERROR] LogOutputStream:75 - [STDERR_REDIRECT] 
2025-06-02 00:26:17,748 [ERROR] LogOutputStream:75 - [STDERR_REDIRECT] Jun 02, 2025 12:26:17 AM java.util.prefs.FileSystemPreferences checkLockFile0ErrorCode
2025-06-02 00:26:17,748 [ERROR] LogOutputStream:75 - [STDERR_REDIRECT] WARNING: Could not lock System prefs. Unix error code 2.
2025-06-02 00:26:17,748 [ERROR] LogOutputStream:75 - [STDERR_REDIRECT] 
2025-06-02 00:26:17,749 [ERROR] LogOutputStream:75 - [STDERR_REDIRECT] Jun 02, 2025 12:26:17 AM java.util.prefs.FileSystemPreferences syncWorld
2025-06-02 00:26:17,749 [ERROR] LogOutputStream:75 - [STDERR_REDIRECT] WARNING: Couldn't flush system prefs: java.util.prefs.BackingStoreException: Couldn't get file lock.
2025-06-02 00:26:17,749 [ERROR] LogOutputStream:75 - [STDERR_REDIRECT] 
2025-06-02 00:26:47,748 [ERROR] LogOutputStream:75 - [STDERR_REDIRECT] Jun 02, 2025 12:26:47 AM java.util.prefs.FileSystemPreferences checkLockFile0ErrorCode
2025-06-02 00:26:47,749 [ERROR] LogOutputStream:75 - [STDERR_REDIRECT] WARNING: Could not lock System prefs. Unix error code 2.
2025-06-02 00:26:47,749 [ERROR] LogOutputStream:75 - [STDERR_REDIRECT] 
2025-06-02 00:26:47,749 [ERROR] LogOutputStream:75 - [STDERR_REDIRECT] Jun 02, 2025 12:26:47 AM java.util.prefs.FileSystemPreferences syncWorld
2025-06-02 00:26:47,750 [ERROR] LogOutputStream:75 - [STDERR_REDIRECT] WARNING: Couldn't flush system prefs: java.util.prefs.BackingStoreException: Couldn't get file lock.
2025-06-02 00:26:47,750 [ERROR] LogOutputStream:75 - [STDERR_REDIRECT] 
2025-06-02 00:27:17,747 [ERROR] LogOutputStream:75 - [STDERR_REDIRECT] Jun 02, 2025 12:27:17 AM java.util.prefs.FileSystemPreferences checkLockFile0ErrorCode
2025-06-02 00:27:17,747 [ERROR] LogOutputStream:75 - [STDERR_REDIRECT] WARNING: Could not lock System prefs. Unix error code 2.
2025-06-02 00:27:17,747 [ERROR] LogOutputStream:75 - [STDERR_REDIRECT] 
2025-06-02 00:27:17,747 [ERROR] LogOutputStream:75 - [STDERR_REDIRECT] Jun 02, 2025 12:27:17 AM java.util.prefs.FileSystemPreferences syncWorld
2025-06-02 00:27:17,747 [ERROR] LogOutputStream:75 - [STDERR_REDIRECT] WARNING: Couldn't flush system prefs: java.util.prefs.BackingStoreException: Couldn't get file lock.
2025-06-02 00:27:17,748 [ERROR] LogOutputStream:75 - [STDERR_REDIRECT] 
2025-06-02 00:27:47,747 [ERROR] LogOutputStream:75 - [STDERR_REDIRECT] Jun 02, 2025 12:27:47 AM java.util.prefs.FileSystemPreferences checkLockFile0ErrorCode
2025-06-02 00:27:47,748 [ERROR] LogOutputStream:75 - [STDERR_REDIRECT] WARNING: Could not lock System prefs. Unix error code 2.
2025-06-02 00:27:47,748 [ERROR] LogOutputStream:75 - [STDERR_REDIRECT] 
2025-06-02 00:27:47,748 [ERROR] LogOutputStream:75 - [STDERR_REDIRECT] Jun 02, 2025 12:27:47 AM java.util.prefs.FileSystemPreferences syncWorld
2025-06-02 00:27:47,749 [ERROR] LogOutputStream:75 - [STDERR_REDIRECT] WARNING: Couldn't flush system prefs: java.util.prefs.BackingStoreException: Couldn't get file lock.
2025-06-02 00:27:47,749 [ERROR] LogOutputStream:75 - [STDERR_REDIRECT] 
2025-06-02 00:28:17,747 [ERROR] LogOutputStream:75 - [STDERR_REDIRECT] Jun 02, 2025 12:28:17 AM java.util.prefs.FileSystemPreferences checkLockFile0ErrorCode
2025-06-02 00:28:17,747 [ERROR] LogOutputStream:75 - [STDERR_REDIRECT] WARNING: Could not lock System prefs. Unix error code 2.
2025-06-02 00:28:17,747 [ERROR] LogOutputStream:75 - [STDERR_REDIRECT] 
2025-06-02 00:28:17,747 [ERROR] LogOutputStream:75 - [STDERR_REDIRECT] Jun 02, 2025 12:28:17 AM java.util.prefs.FileSystemPreferences syncWorld
2025-06-02 00:28:17,747 [ERROR] LogOutputStream:75 - [STDERR_REDIRECT] WARNING: Couldn't flush system prefs: java.util.prefs.BackingStoreException: Couldn't get file lock.
2025-06-02 00:28:17,747 [ERROR] LogOutputStream:75 - [STDERR_REDIRECT] 
2025-06-02 00:28:47,747 [ERROR] LogOutputStream:75 - [STDERR_REDIRECT] Jun 02, 2025 12:28:47 AM java.util.prefs.FileSystemPreferences checkLockFile0ErrorCode
2025-06-02 00:28:47,748 [ERROR] LogOutputStream:75 - [STDERR_REDIRECT] WARNING: Could not lock System prefs. Unix error code 2.
2025-06-02 00:28:47,748 [ERROR] LogOutputStream:75 - [STDERR_REDIRECT] 
2025-06-02 00:28:47,748 [ERROR] LogOutputStream:75 - [STDERR_REDIRECT] Jun 02, 2025 12:28:47 AM java.util.prefs.FileSystemPreferences syncWorld
2025-06-02 00:28:47,748 [ERROR] LogOutputStream:75 - [STDERR_REDIRECT] WARNING: Couldn't flush system prefs: java.util.prefs.BackingStoreException: Couldn't get file lock.
2025-06-02 00:28:47,749 [ERROR] LogOutputStream:75 - [STDERR_REDIRECT] 
2025-06-02 00:29:17,747 [ERROR] LogOutputStream:75 - [STDERR_REDIRECT] Jun 02, 2025 12:29:17 AM java.util.prefs.FileSystemPreferences checkLockFile0ErrorCode
2025-06-02 00:29:17,747 [ERROR] LogOutputStream:75 - [STDERR_REDIRECT] WARNING: Could not lock System prefs. Unix error code 2.
2025-06-02 00:29:17,747 [ERROR] LogOutputStream:75 - [STDERR_REDIRECT] 
2025-06-02 00:29:17,747 [ERROR] LogOutputStream:75 - [STDERR_REDIRECT] Jun 02, 2025 12:29:17 AM java.util.prefs.FileSystemPreferences syncWorld
2025-06-02 00:29:17,747 [ERROR] LogOutputStream:75 - [STDERR_REDIRECT] WARNING: Couldn't flush system prefs: java.util.prefs.BackingStoreException: Couldn't get file lock.
2025-06-02 00:29:17,747 [ERROR] LogOutputStream:75 - [STDERR_REDIRECT] 
2025-06-02 00:29:47,747 [ERROR] LogOutputStream:75 - [STDERR_REDIRECT] Jun 02, 2025 12:29:47 AM java.util.prefs.FileSystemPreferences checkLockFile0ErrorCode
2025-06-02 00:29:47,748 [ERROR] LogOutputStream:75 - [STDERR_REDIRECT] WARNING: Could not lock System prefs. Unix error code 2.
2025-06-02 00:29:47,748 [ERROR] LogOutputStream:75 - [STDERR_REDIRECT] 
2025-06-02 00:29:47,748 [ERROR] LogOutputStream:75 - [STDERR_REDIRECT] Jun 02, 2025 12:29:47 AM java.util.prefs.FileSystemPreferences syncWorld
2025-06-02 00:29:47,748 [ERROR] LogOutputStream:75 - [STDERR_REDIRECT] WARNING: Couldn't flush system prefs: java.util.prefs.BackingStoreException: Couldn't get file lock.
2025-06-02 00:29:47,748 [ERROR] LogOutputStream:75 - [STDERR_REDIRECT] 
2025-06-02 00:30:17,750 [ERROR] LogOutputStream:75 - [STDERR_REDIRECT] Jun 02, 2025 12:30:17 AM java.util.prefs.FileSystemPreferences checkLockFile0ErrorCode
2025-06-02 00:30:17,750 [ERROR] LogOutputStream:75 - [STDERR_REDIRECT] WARNING: Could not lock System prefs. Unix error code 2.
2025-06-02 00:30:17,750 [ERROR] LogOutputStream:75 - [STDERR_REDIRECT] 
2025-06-02 00:30:17,751 [ERROR] LogOutputStream:75 - [STDERR_REDIRECT] Jun 02, 2025 12:30:17 AM java.util.prefs.FileSystemPreferences syncWorld
2025-06-02 00:30:17,751 [ERROR] LogOutputStream:75 - [STDERR_REDIRECT] WARNING: Couldn't flush system prefs: java.util.prefs.BackingStoreException: Couldn't get file lock.
2025-06-02 00:30:17,751 [ERROR] LogOutputStream:75 - [STDERR_REDIRECT] 
2025-06-02 00:30:47,750 [ERROR] LogOutputStream:75 - [STDERR_REDIRECT] Jun 02, 2025 12:30:47 AM java.util.prefs.FileSystemPreferences checkLockFile0ErrorCode
2025-06-02 00:30:47,750 [ERROR] LogOutputStream:75 - [STDERR_REDIRECT] WARNING: Could not lock System prefs. Unix error code 2.
2025-06-02 00:30:47,750 [ERROR] LogOutputStream:75 - [STDERR_REDIRECT] 
2025-06-02 00:30:47,751 [ERROR] LogOutputStream:75 - [STDERR_REDIRECT] Jun 02, 2025 12:30:47 AM java.util.prefs.FileSystemPreferences syncWorld
2025-06-02 00:30:47,751 [ERROR] LogOutputStream:75 - [STDERR_REDIRECT] WARNING: Couldn't flush system prefs: java.util.prefs.BackingStoreException: Couldn't get file lock.
2025-06-02 00:30:47,751 [ERROR] LogOutputStream:75 - [STDERR_REDIRECT] 
2025-06-02 00:31:17,749 [ERROR] LogOutputStream:75 - [STDERR_REDIRECT] Jun 02, 2025 12:31:17 AM java.util.prefs.FileSystemPreferences checkLockFile0ErrorCode
2025-06-02 00:31:17,749 [ERROR] LogOutputStream:75 - [STDERR_REDIRECT] WARNING: Could not lock System prefs. Unix error code 2.
2025-06-02 00:31:17,750 [ERROR] LogOutputStream:75 - [STDERR_REDIRECT] 
2025-06-02 00:31:17,750 [ERROR] LogOutputStream:75 - [STDERR_REDIRECT] Jun 02, 2025 12:31:17 AM java.util.prefs.FileSystemPreferences syncWorld
2025-06-02 00:31:17,750 [ERROR] LogOutputStream:75 - [STDERR_REDIRECT] WARNING: Couldn't flush system prefs: java.util.prefs.BackingStoreException: Couldn't get file lock.
2025-06-02 00:31:17,750 [ERROR] LogOutputStream:75 - [STDERR_REDIRECT] 
2025-06-02 00:31:47,750 [ERROR] LogOutputStream:75 - [STDERR_REDIRECT] Jun 02, 2025 12:31:47 AM java.util.prefs.FileSystemPreferences checkLockFile0ErrorCode
2025-06-02 00:31:47,750 [ERROR] LogOutputStream:75 - [STDERR_REDIRECT] WARNING: Could not lock System prefs. Unix error code 2.
2025-06-02 00:31:47,750 [ERROR] LogOutputStream:75 - [STDERR_REDIRECT] 
2025-06-02 00:31:47,751 [ERROR] LogOutputStream:75 - [STDERR_REDIRECT] Jun 02, 2025 12:31:47 AM java.util.prefs.FileSystemPreferences syncWorld
2025-06-02 00:31:47,751 [ERROR] LogOutputStream:75 - [STDERR_REDIRECT] WARNING: Couldn't flush system prefs: java.util.prefs.BackingStoreException: Couldn't get file lock.
2025-06-02 00:31:47,751 [ERROR] LogOutputStream:75 - [STDERR_REDIRECT] 
2025-06-02 00:32:17,749 [ERROR] LogOutputStream:75 - [STDERR_REDIRECT] Jun 02, 2025 12:32:17 AM java.util.prefs.FileSystemPreferences checkLockFile0ErrorCode
2025-06-02 00:32:17,750 [ERROR] LogOutputStream:75 - [STDERR_REDIRECT] WARNING: Could not lock System prefs. Unix error code 2.
2025-06-02 00:32:17,750 [ERROR] LogOutputStream:75 - [STDERR_REDIRECT] 
2025-06-02 00:32:17,750 [ERROR] LogOutputStream:75 - [STDERR_REDIRECT] Jun 02, 2025 12:32:17 AM java.util.prefs.FileSystemPreferences syncWorld
2025-06-02 00:32:17,751 [ERROR] LogOutputStream:75 - [STDERR_REDIRECT] WARNING: Couldn't flush system prefs: java.util.prefs.BackingStoreException: Couldn't get file lock.
2025-06-02 00:32:17,751 [ERROR] LogOutputStream:75 - [STDERR_REDIRECT] 
2025-06-02 00:32:47,750 [ERROR] LogOutputStream:75 - [STDERR_REDIRECT] Jun 02, 2025 12:32:47 AM java.util.prefs.FileSystemPreferences checkLockFile0ErrorCode
2025-06-02 00:32:47,750 [ERROR] LogOutputStream:75 - [STDERR_REDIRECT] WARNING: Could not lock System prefs. Unix error code 2.
2025-06-02 00:32:47,750 [ERROR] LogOutputStream:75 - [STDERR_REDIRECT] 
2025-06-02 00:32:47,751 [ERROR] LogOutputStream:75 - [STDERR_REDIRECT] Jun 02, 2025 12:32:47 AM java.util.prefs.FileSystemPreferences syncWorld
2025-06-02 00:32:47,751 [ERROR] LogOutputStream:75 - [STDERR_REDIRECT] WARNING: Couldn't flush system prefs: java.util.prefs.BackingStoreException: Couldn't get file lock.
2025-06-02 00:32:47,751 [ERROR] LogOutputStream:75 - [STDERR_REDIRECT] 
2025-06-02 00:33:17,750 [ERROR] LogOutputStream:75 - [STDERR_REDIRECT] Jun 02, 2025 12:33:17 AM java.util.prefs.FileSystemPreferences checkLockFile0ErrorCode
2025-06-02 00:33:17,751 [ERROR] LogOutputStream:75 - [STDERR_REDIRECT] WARNING: Could not lock System prefs. Unix error code 2.
2025-06-02 00:33:17,751 [ERROR] LogOutputStream:75 - [STDERR_REDIRECT] 
2025-06-02 00:33:17,751 [ERROR] LogOutputStream:75 - [STDERR_REDIRECT] Jun 02, 2025 12:33:17 AM java.util.prefs.FileSystemPreferences syncWorld
2025-06-02 00:33:17,751 [ERROR] LogOutputStream:75 - [STDERR_REDIRECT] WARNING: Couldn't flush system prefs: java.util.prefs.BackingStoreException: Couldn't get file lock.
2025-06-02 00:33:17,751 [ERROR] LogOutputStream:75 - [STDERR_REDIRECT] 
2025-06-02 00:33:47,751 [ERROR] LogOutputStream:75 - [STDERR_REDIRECT] Jun 02, 2025 12:33:47 AM java.util.prefs.FileSystemPreferences checkLockFile0ErrorCode
2025-06-02 00:33:47,751 [ERROR] LogOutputStream:75 - [STDERR_REDIRECT] WARNING: Could not lock System prefs. Unix error code 2.
2025-06-02 00:33:47,751 [ERROR] LogOutputStream:75 - [STDERR_REDIRECT] 
2025-06-02 00:33:47,752 [ERROR] LogOutputStream:75 - [STDERR_REDIRECT] Jun 02, 2025 12:33:47 AM java.util.prefs.FileSystemPreferences syncWorld
2025-06-02 00:33:47,752 [ERROR] LogOutputStream:75 - [STDERR_REDIRECT] WARNING: Couldn't flush system prefs: java.util.prefs.BackingStoreException: Couldn't get file lock.
2025-06-02 00:33:47,752 [ERROR] LogOutputStream:75 - [STDERR_REDIRECT] 
2025-06-02 00:34:17,751 [ERROR] LogOutputStream:75 - [STDERR_REDIRECT] Jun 02, 2025 12:34:17 AM java.util.prefs.FileSystemPreferences checkLockFile0ErrorCode
2025-06-02 00:34:17,751 [ERROR] LogOutputStream:75 - [STDERR_REDIRECT] WARNING: Could not lock System prefs. Unix error code 2.
2025-06-02 00:34:17,751 [ERROR] LogOutputStream:75 - [STDERR_REDIRECT] 
2025-06-02 00:34:17,752 [ERROR] LogOutputStream:75 - [STDERR_REDIRECT] Jun 02, 2025 12:34:17 AM java.util.prefs.FileSystemPreferences syncWorld
2025-06-02 00:34:17,752 [ERROR] LogOutputStream:75 - [STDERR_REDIRECT] WARNING: Couldn't flush system prefs: java.util.prefs.BackingStoreException: Couldn't get file lock.
2025-06-02 00:34:17,752 [ERROR] LogOutputStream:75 - [STDERR_REDIRECT] 
2025-06-02 00:34:47,752 [ERROR] LogOutputStream:75 - [STDERR_REDIRECT] Jun 02, 2025 12:34:47 AM java.util.prefs.FileSystemPreferences checkLockFile0ErrorCode
2025-06-02 00:34:47,752 [ERROR] LogOutputStream:75 - [STDERR_REDIRECT] WARNING: Could not lock System prefs. Unix error code 2.
2025-06-02 00:34:47,752 [ERROR] LogOutputStream:75 - [STDERR_REDIRECT] 
2025-06-02 00:34:47,753 [ERROR] LogOutputStream:75 - [STDERR_REDIRECT] Jun 02, 2025 12:34:47 AM java.util.prefs.FileSystemPreferences syncWorld
2025-06-02 00:34:47,753 [ERROR] LogOutputStream:75 - [STDERR_REDIRECT] WARNING: Couldn't flush system prefs: java.util.prefs.BackingStoreException: Couldn't get file lock.
2025-06-02 00:34:47,753 [ERROR] LogOutputStream:75 - [STDERR_REDIRECT] 
2025-06-02 00:35:17,751 [ERROR] LogOutputStream:75 - [STDERR_REDIRECT] Jun 02, 2025 12:35:17 AM java.util.prefs.FileSystemPreferences checkLockFile0ErrorCode
2025-06-02 00:35:17,751 [ERROR] LogOutputStream:75 - [STDERR_REDIRECT] WARNING: Could not lock System prefs. Unix error code 2.
2025-06-02 00:35:17,751 [ERROR] LogOutputStream:75 - [STDERR_REDIRECT] 
2025-06-02 00:35:17,751 [ERROR] LogOutputStream:75 - [STDERR_REDIRECT] Jun 02, 2025 12:35:17 AM java.util.prefs.FileSystemPreferences syncWorld
2025-06-02 00:35:17,752 [ERROR] LogOutputStream:75 - [STDERR_REDIRECT] WARNING: Couldn't flush system prefs: java.util.prefs.BackingStoreException: Couldn't get file lock.
2025-06-02 00:35:17,752 [ERROR] LogOutputStream:75 - [STDERR_REDIRECT] 
2025-06-02 00:35:47,752 [ERROR] LogOutputStream:75 - [STDERR_REDIRECT] Jun 02, 2025 12:35:47 AM java.util.prefs.FileSystemPreferences checkLockFile0ErrorCode
2025-06-02 00:35:47,752 [ERROR] LogOutputStream:75 - [STDERR_REDIRECT] WARNING: Could not lock System prefs. Unix error code 2.
2025-06-02 00:35:47,752 [ERROR] LogOutputStream:75 - [STDERR_REDIRECT] 
2025-06-02 00:35:47,753 [ERROR] LogOutputStream:75 - [STDERR_REDIRECT] Jun 02, 2025 12:35:47 AM java.util.prefs.FileSystemPreferences syncWorld
2025-06-02 00:35:47,753 [ERROR] LogOutputStream:75 - [STDERR_REDIRECT] WARNING: Couldn't flush system prefs: java.util.prefs.BackingStoreException: Couldn't get file lock.
2025-06-02 00:35:47,753 [ERROR] LogOutputStream:75 - [STDERR_REDIRECT] 
2025-06-02 00:36:17,750 [ERROR] LogOutputStream:75 - [STDERR_REDIRECT] Jun 02, 2025 12:36:17 AM java.util.prefs.FileSystemPreferences checkLockFile0ErrorCode
2025-06-02 00:36:17,751 [ERROR] LogOutputStream:75 - [STDERR_REDIRECT] WARNING: Could not lock System prefs. Unix error code 2.
2025-06-02 00:36:17,751 [ERROR] LogOutputStream:75 - [STDERR_REDIRECT] 
2025-06-02 00:36:17,751 [ERROR] LogOutputStream:75 - [STDERR_REDIRECT] Jun 02, 2025 12:36:17 AM java.util.prefs.FileSystemPreferences syncWorld
2025-06-02 00:36:17,751 [ERROR] LogOutputStream:75 - [STDERR_REDIRECT] WARNING: Couldn't flush system prefs: java.util.prefs.BackingStoreException: Couldn't get file lock.
2025-06-02 00:36:17,751 [ERROR] LogOutputStream:75 - [STDERR_REDIRECT] 
2025-06-02 00:36:22,637 [ERROR] LogOutputStream:75 - [STDERR_REDIRECT] 
2025-06-02 00:36:22,638 [ERROR] LogOutputStream:75 - [STDERR_REDIRECT] 
